2022-04-14 00:41:30,278:INFO:PyCaret Supervised Module
2022-04-14 00:41:30,278:INFO:ML Usecase: regression
2022-04-14 00:41:30,279:INFO:version 2.3.10
2022-04-14 00:41:30,279:INFO:Initializing setup()
2022-04-14 00:41:30,279:INFO:setup(target=arr_delay, ml_usecase=regression, available_plots={'parameter': 'Hyperparameters', 'residuals': 'Residuals', 'error': 'Prediction Error', 'cooks': 'Cooks Distance', 'rfe': 'Feature Selection', 'learning': 'Learning Curve', 'manifold': 'Manifold Learning', 'vc': 'Validation Curve', 'feature': 'Feature Importance', 'feature_all': 'Feature Importance (All)', 'tree': 'Decision Tree', 'residuals_interactive': 'Interactive Residuals'}, train_size=0.7, test_data=None, preprocess=True, imputation_type=simple, iterative_imputation_iters=5, categorical_features=None, categorical_imputation=constant, categorical_iterative_imputer=lightgbm, ordinal_features=None, high_cardinality_features=None, high_cardinality_method=frequency, numeric_features=None, numeric_imputation=mean, numeric_iterative_imputer=lightgbm, date_features=None, ignore_features=None, normalize=False, normalize_method=zscore, transformation=False, transformation_method=yeo-johnson, handle_unknown_categorical=True, unknown_categorical_method=least_frequent, pca=False, pca_method=linear, pca_components=None, ignore_low_variance=False, combine_rare_levels=False, rare_level_threshold=0.1, bin_numeric_features=None, remove_outliers=False, outliers_threshold=0.05, remove_multicollinearity=False, multicollinearity_threshold=0.9, remove_perfect_collinearity=True, create_clusters=False, cluster_iter=20, polynomial_features=False, polynomial_degree=2, trigonometry_features=False, polynomial_threshold=0.1, group_features=None, group_names=None, feature_selection=False, feature_selection_threshold=0.8, feature_selection_method=classic, feature_interaction=False, feature_ratio=False, interaction_threshold=0.01, fix_imbalance=False, fix_imbalance_method=None, transform_target=False, transform_target_method=box-cox, data_split_shuffle=True, data_split_stratify=False, fold_strategy=kfold, fold=10, fold_shuffle=False, fold_groups=None, n_jobs=-1, use_gpu=False, custom_pipeline=None, html=True, session_id=None, log_experiment=False, experiment_name=None, experiment_custom_tags=None, log_plots=False, log_profile=False, log_data=False, silent=False, verbose=True, profile=False, profile_kwargs=None, display=None)
2022-04-14 00:41:30,279:INFO:Checking environment
2022-04-14 00:41:30,279:INFO:python_version: 3.7.12
2022-04-14 00:41:30,279:INFO:python_build: ('default', 'Oct 26 2021 05:57:50')
2022-04-14 00:41:30,280:INFO:machine: x86_64
2022-04-14 00:41:30,280:INFO:platform: Darwin-21.4.0-x86_64-i386-64bit
2022-04-14 00:41:30,280:WARNING:cannot find psutil installation. memory not traceable. Install psutil using pip to enable memory logging.
2022-04-14 00:41:30,280:INFO:Checking libraries
2022-04-14 00:41:30,280:INFO:pd==1.3.5
2022-04-14 00:41:30,280:INFO:numpy==1.19.5
2022-04-14 00:41:30,280:INFO:sklearn==0.23.2
2022-04-14 00:41:30,280:INFO:lightgbm==3.3.2
2022-04-14 00:41:30,281:WARNING:catboost not found
2022-04-14 00:41:30,400:INFO:xgboost==1.5.1
2022-04-14 00:41:30,401:INFO:mlflow==1.25.0
2022-04-14 00:41:30,401:INFO:Checking Exceptions
2022-04-14 00:41:30,401:INFO:Declaring global variables
2022-04-14 00:41:30,401:INFO:USI: 347c
2022-04-14 00:41:30,401:INFO:pycaret_globals: {'fold_param', 'X_test', 'fold_shuffle_param', 'html_param', 'gpu_param', 'fix_imbalance_method_param', '_all_metrics', '_ml_usecase', 'log_plots_param', 'master_model_container', '_all_models', 'X', '_gpu_n_jobs_param', '_all_models_internal', 'transform_target_method_param', 'iterative_imputation_iters_param', 'X_train', 'display_container', 'logging_param', 'y', 'transform_target_param', 'fold_groups_param', 'fold_groups_param_full', 'fold_generator', 'y_test', 'seed', 'data_before_preprocess', 'target_param', 'experiment__', 'dashboard_logger', '_internal_pipeline', 'stratify_param', 'pycaret_globals', 'fix_imbalance_param', 'exp_name_log', 'y_train', 'imputation_regressor', 'create_model_container', '_available_plots', 'imputation_classifier', 'USI', 'prep_pipe', 'n_jobs_param'}
2022-04-14 00:41:30,401:INFO:Preparing display monitor
2022-04-14 00:41:30,401:INFO:Preparing display monitor
2022-04-14 00:41:30,412:INFO:Importing libraries
2022-04-14 00:41:30,412:INFO:Copying data for preprocessing
2022-04-14 00:41:30,488:INFO:Declaring preprocessing parameters
2022-04-14 00:41:30,643:INFO:Creating preprocessing pipeline
2022-04-14 00:41:32,297:INFO:Preprocessing pipeline created successfully
2022-04-14 00:41:32,297:ERROR:(Process Exit): setup has been interupted with user command 'quit'. setup must rerun.
2022-04-14 00:41:32,298:INFO:Creating global containers
2022-04-14 00:41:32,299:INFO:Internal pipeline: Pipeline(memory=None, steps=[('empty_step', 'passthrough')], verbose=False)
2022-04-14 00:41:49,825:WARNING:Couldn't import catboost.CatBoostRegressor
2022-04-14 00:41:49,918:WARNING:Couldn't import catboost.CatBoostRegressor
2022-04-14 00:41:49,919:INFO:Creating grid variables
2022-04-14 00:41:49,955:INFO:create_model_container: 0
2022-04-14 00:41:49,955:INFO:master_model_container: 0
2022-04-14 00:41:49,955:INFO:display_container: 1
2022-04-14 00:41:49,961:INFO:Pipeline(memory=None,
         steps=[('dtypes',
                 DataTypes_Auto_infer(categorical_features=[],
                                      display_types=True, features_todrop=[],
                                      id_columns=[], ml_usecase='regression',
                                      numerical_features=[], target='arr_delay',
                                      time_features=[])),
                ('imputer',
                 Simple_Imputer(categorical_strategy='not_available',
                                fill_value_categorical=None,
                                fill_value_numerical=None,
                                numeric_strate...
                ('scaling', 'passthrough'), ('P_transform', 'passthrough'),
                ('binn', 'passthrough'), ('rem_outliers', 'passthrough'),
                ('cluster_all', 'passthrough'),
                ('dummy', Dummify(target='arr_delay')),
                ('fix_perfect', Remove_100(target='arr_delay')),
                ('clean_names', Clean_Colum_Names()),
                ('feature_select', 'passthrough'), ('fix_multi', 'passthrough'),
                ('dfs', 'passthrough'), ('pca', 'passthrough')],
         verbose=False)
2022-04-14 00:41:49,961:INFO:setup() succesfully completed......................................
2022-04-14 00:42:08,916:INFO:Initializing compare_models()
2022-04-14 00:42:08,917:INFO:compare_models(include=['lr', 'lightgbm', 'rf'], fold=None, round=4, cross_validation=True, sort=R2, n_select=1, budget_time=None, turbo=True, errors=ignore, fit_kwargs=None, groups=None, experiment_custom_tags=None, probability_threshold=None, verbose=True, display=None, exclude=None)
2022-04-14 00:42:08,917:INFO:Checking exceptions
2022-04-14 00:42:08,917:INFO:Preparing display monitor
2022-04-14 00:42:08,917:INFO:Preparing display monitor
2022-04-14 00:42:08,947:INFO:Initializing Linear Regression
2022-04-14 00:42:08,947:INFO:Total runtime is 2.4358431498209636e-06 minutes
2022-04-14 00:42:08,956:INFO:SubProcess create_model() called ==================================
2022-04-14 00:42:08,956:INFO:Initializing create_model()
2022-04-14 00:42:08,956:INFO:create_model(estimator=lr, fold=KFold(n_splits=10, random_state=None, shuffle=False), round=4, cross_validation=True, predict=True, fit_kwargs={}, groups=None, refit=False, verbose=False, system=False, metrics=None, experiment_custom_tags=None, add_to_model_list=True, probability_threshold=None, display=<pycaret.internal.Display.Display object at 0x7f969b2ea190>, return_train_score=False, kwargs={})
2022-04-14 00:42:08,956:INFO:Checking exceptions
2022-04-14 00:42:08,956:INFO:Importing libraries
2022-04-14 00:42:08,956:INFO:Copying training dataset
2022-04-14 00:42:08,973:INFO:Defining folds
2022-04-14 00:42:08,974:INFO:Declaring metric variables
2022-04-14 00:42:08,982:INFO:Importing untrained model
2022-04-14 00:42:08,991:INFO:Linear Regression Imported succesfully
2022-04-14 00:42:09,012:INFO:Starting cross validation
2022-04-14 00:42:09,019:INFO:Cross validating with KFold(n_splits=10, random_state=None, shuffle=False), n_jobs=-1
2022-04-14 00:42:21,699:INFO:Calculating mean and std
2022-04-14 00:42:21,704:INFO:Creating metrics dataframe
2022-04-14 00:42:21,713:INFO:Uploading results into container
2022-04-14 00:42:21,713:INFO:Uploading model into container now
2022-04-14 00:42:21,714:INFO:create_model_container: 1
2022-04-14 00:42:21,714:INFO:master_model_container: 1
2022-04-14 00:42:21,714:INFO:display_container: 2
2022-04-14 00:42:21,714:INFO:LinearRegression(copy_X=True, fit_intercept=True, n_jobs=-1, normalize=False)
2022-04-14 00:42:21,714:INFO:create_model() succesfully completed......................................
2022-04-14 00:42:21,806:INFO:SubProcess create_model() end ==================================
2022-04-14 00:42:21,806:INFO:Creating metrics dataframe
2022-04-14 00:42:21,825:INFO:Initializing Light Gradient Boosting Machine
2022-04-14 00:42:21,825:INFO:Total runtime is 0.21462775071461995 minutes
2022-04-14 00:42:21,834:INFO:SubProcess create_model() called ==================================
2022-04-14 00:42:21,835:INFO:Initializing create_model()
2022-04-14 00:42:21,835:INFO:create_model(estimator=lightgbm, fold=KFold(n_splits=10, random_state=None, shuffle=False), round=4, cross_validation=True, predict=True, fit_kwargs={}, groups=None, refit=False, verbose=False, system=False, metrics=None, experiment_custom_tags=None, add_to_model_list=True, probability_threshold=None, display=<pycaret.internal.Display.Display object at 0x7f969b2ea190>, return_train_score=False, kwargs={})
2022-04-14 00:42:21,835:INFO:Checking exceptions
2022-04-14 00:42:21,835:INFO:Importing libraries
2022-04-14 00:42:21,835:INFO:Copying training dataset
2022-04-14 00:42:21,895:INFO:Defining folds
2022-04-14 00:42:21,895:INFO:Declaring metric variables
2022-04-14 00:42:21,904:INFO:Importing untrained model
2022-04-14 00:42:21,913:INFO:Light Gradient Boosting Machine Imported succesfully
2022-04-14 00:42:21,931:INFO:Starting cross validation
2022-04-14 00:42:21,932:INFO:Cross validating with KFold(n_splits=10, random_state=None, shuffle=False), n_jobs=-1
2022-04-14 00:42:34,012:INFO:Calculating mean and std
2022-04-14 00:42:34,015:INFO:Creating metrics dataframe
2022-04-14 00:42:34,021:INFO:Uploading results into container
2022-04-14 00:42:34,021:INFO:Uploading model into container now
2022-04-14 00:42:34,021:INFO:create_model_container: 2
2022-04-14 00:42:34,021:INFO:master_model_container: 2
2022-04-14 00:42:34,021:INFO:display_container: 2
2022-04-14 00:42:34,021:INFO:LGBMRegressor(boosting_type='gbdt', class_weight=None, colsample_bytree=1.0,
              importance_type='split', learning_rate=0.1, max_depth=-1,
              min_child_samples=20, min_child_weight=0.001, min_split_gain=0.0,
              n_estimators=100, n_jobs=-1, num_leaves=31, objective=None,
              random_state=4467, reg_alpha=0.0, reg_lambda=0.0, silent='warn',
              subsample=1.0, subsample_for_bin=200000, subsample_freq=0)
2022-04-14 00:42:34,022:INFO:create_model() succesfully completed......................................
2022-04-14 00:42:34,095:INFO:SubProcess create_model() end ==================================
2022-04-14 00:42:34,095:INFO:Creating metrics dataframe
2022-04-14 00:42:34,116:INFO:Initializing Random Forest Regressor
2022-04-14 00:42:34,116:INFO:Total runtime is 0.41948036750157675 minutes
2022-04-14 00:42:34,124:INFO:SubProcess create_model() called ==================================
2022-04-14 00:42:34,125:INFO:Initializing create_model()
2022-04-14 00:42:34,125:INFO:create_model(estimator=rf, fold=KFold(n_splits=10, random_state=None, shuffle=False), round=4, cross_validation=True, predict=True, fit_kwargs={}, groups=None, refit=False, verbose=False, system=False, metrics=None, experiment_custom_tags=None, add_to_model_list=True, probability_threshold=None, display=<pycaret.internal.Display.Display object at 0x7f969b2ea190>, return_train_score=False, kwargs={})
2022-04-14 00:42:34,125:INFO:Checking exceptions
2022-04-14 00:42:34,125:INFO:Importing libraries
2022-04-14 00:42:34,126:INFO:Copying training dataset
2022-04-14 00:42:34,148:INFO:Defining folds
2022-04-14 00:42:34,148:INFO:Declaring metric variables
2022-04-14 00:42:34,158:INFO:Importing untrained model
2022-04-14 00:42:34,168:INFO:Random Forest Regressor Imported succesfully
2022-04-14 00:42:34,188:INFO:Starting cross validation
2022-04-14 00:42:34,189:INFO:Cross validating with KFold(n_splits=10, random_state=None, shuffle=False), n_jobs=-1
2022-04-14 00:58:05,677:WARNING:create_model() for rf raised an exception or returned all 0.0, trying without fit_kwargs:
2022-04-14 00:58:05,697:WARNING:Traceback (most recent call last):
  File "/Users/josephluiz/miniconda3/envs/THIRD_LOVE/lib/python3.7/site-packages/pycaret/internal/tabular.py", line 2203, in compare_models
    model, model_fit_time = create_model_supervised(**create_model_args)
  File "/Users/josephluiz/miniconda3/envs/THIRD_LOVE/lib/python3.7/site-packages/pycaret/internal/tabular.py", line 3210, in create_model_supervised
    error_score=0,
  File "/Users/josephluiz/miniconda3/envs/THIRD_LOVE/lib/python3.7/site-packages/sklearn/utils/validation.py", line 72, in inner_f
    return f(**kwargs)
  File "/Users/josephluiz/miniconda3/envs/THIRD_LOVE/lib/python3.7/site-packages/sklearn/model_selection/_validation.py", line 248, in cross_validate
    for train, test in cv.split(X, y, groups))
  File "/Users/josephluiz/miniconda3/envs/THIRD_LOVE/lib/python3.7/site-packages/joblib/parallel.py", line 1054, in __call__
    self.retrieve()
  File "/Users/josephluiz/miniconda3/envs/THIRD_LOVE/lib/python3.7/site-packages/joblib/parallel.py", line 933, in retrieve
    self._output.extend(job.get(timeout=self.timeout))
  File "/Users/josephluiz/miniconda3/envs/THIRD_LOVE/lib/python3.7/site-packages/joblib/_parallel_backends.py", line 542, in wrap_future_result
    return future.result(timeout=timeout)
  File "/Users/josephluiz/miniconda3/envs/THIRD_LOVE/lib/python3.7/concurrent/futures/_base.py", line 430, in result
    self._condition.wait(timeout)
  File "/Users/josephluiz/miniconda3/envs/THIRD_LOVE/lib/python3.7/threading.py", line 296, in wait
    waiter.acquire()
KeyboardInterrupt

2022-04-14 00:58:05,699:INFO:Initializing create_model()
2022-04-14 00:58:05,699:INFO:create_model(estimator=rf, fold=KFold(n_splits=10, random_state=None, shuffle=False), round=4, cross_validation=True, predict=True, fit_kwargs={}, groups=None, refit=False, verbose=False, system=False, metrics=None, experiment_custom_tags=None, add_to_model_list=True, probability_threshold=None, display=<pycaret.internal.Display.Display object at 0x7f969b2ea190>, return_train_score=False, kwargs={})
2022-04-14 00:58:05,699:INFO:Checking exceptions
2022-04-14 00:58:05,700:INFO:Importing libraries
2022-04-14 00:58:05,700:INFO:Copying training dataset
2022-04-14 00:58:05,812:INFO:Defining folds
2022-04-14 00:58:05,812:INFO:Declaring metric variables
2022-04-14 00:58:05,864:INFO:Importing untrained model
2022-04-14 00:58:05,882:INFO:Random Forest Regressor Imported succesfully
2022-04-14 00:58:05,941:INFO:Starting cross validation
2022-04-14 00:58:05,978:INFO:Cross validating with KFold(n_splits=10, random_state=None, shuffle=False), n_jobs=-1
